{"name": "新增项目：新增已存在项目名称项目失败", "status": "broken", "statusDetails": {"message": "selenium.common.exceptions.NoSuchWindowException: Message: no such window: target window already closed\nfrom unknown error: web view not found\n  (Session info: chrome=110.0.5481.177)\nStacktrace:\n0   chromedriver                        0x00000001045f51c0 chromedriver + 4248000\n1   chromedriver                        0x0000000104575dc0 chromedriver + 3726784\n2   chromedriver                        0x000000010422aec4 chromedriver + 274116\n3   chromedriver                        0x00000001042055f4 chromedriver + 120308\n4   chromedriver                        0x000000010428ef8c chromedriver + 683916\n5   chromedriver                        0x00000001042a1864 chromedriver + 759908\n6   chromedriver                        0x0000000104259200 chromedriver + 463360\n7   chromedriver                        0x000000010425a318 chromedriver + 467736\n8   chromedriver                        0x00000001045c3060 chromedriver + 4042848\n9   chromedriver                        0x00000001045c78a4 chromedriver + 4061348\n10  chromedriver                        0x00000001045cf3d0 chromedriver + 4092880\n11  chromedriver                        0x00000001045c86e4 chromedriver + 4064996\n12  chromedriver                        0x000000010459e0fc chromedriver + 3891452\n13  chromedriver                        0x00000001045e8a64 chromedriver + 4196964\n14  chromedriver                        0x00000001045e8bb8 chromedriver + 4197304\n15  chromedriver                        0x00000001045fc650 chromedriver + 4277840\n16  libsystem_pthread.dylib             0x000000019060f878 _pthread_start + 320\n17  libsystem_pthread.dylib             0x000000019060a5e0 thread_start + 8", "trace": "self = <case.test_add_project.TestAddProject object at 0x10211fee0>\nlogin = <selenium.webdriver.chrome.webdriver.WebDriver (session=\"dcac327a63b18c0707ea39f66709edbe\")>\n\n    @allure.testcase('xxx')\n    @allure.issue('xxx')\n    @allure.title('新增项目：新增已存在项目名称项目失败')\n    def test_add_project_02(self, login):\n        ''' 用例描述：已存在 测试项目02\n         1.先登录\n         2.点击新增项目导航\n         3.新增项目页输入：项目名称：测试项目01，所属应用：测试应用02， 项目描述：项目描述01\n         4.点击保存按钮'''\n        driver = login  # 登录\n        add_p = AddProject(driver)  # 实例化AddProject页面\n>       add_p.click_classify()\n\ntest_add_project.py:37: \n_ _ _ _ _ _ _ _ _ _ _ _ _ _ _ _ _ _ _ _ _ _ _ _ _ _ _ _ _ _ _ _ _ _ _ _ _ _ _ _ _ _ _ _ _ _ _ _ _ _ _ _ _ _ _ _ _ _ _ _ _ _ _ _ _ _ _ _ _ \n../pages/add_project_page.py:43: in click_classify\n    self.click(self.loc_5)\n../common/base.py:65: in click\n    ele = self.find(locator)\n../common/base.py:37: in find\n    ele =WebDriverWait(self.driver, self.timeout, self.t).until(EC.presence_of_element_located(locator))\n/Library/Frameworks/Python.framework/Versions/3.9/lib/python3.9/site-packages/selenium/webdriver/support/wait.py:78: in until\n    value = method(self._driver)\n/Library/Frameworks/Python.framework/Versions/3.9/lib/python3.9/site-packages/selenium/webdriver/support/expected_conditions.py:64: in _predicate\n    return driver.find_element(*locator)\n/Library/Frameworks/Python.framework/Versions/3.9/lib/python3.9/site-packages/selenium/webdriver/remote/webdriver.py:1238: in find_element\n    return self.execute(Command.FIND_ELEMENT, {\n/Library/Frameworks/Python.framework/Versions/3.9/lib/python3.9/site-packages/selenium/webdriver/remote/webdriver.py:418: in execute\n    self.error_handler.check_response(response)\n_ _ _ _ _ _ _ _ _ _ _ _ _ _ _ _ _ _ _ _ _ _ _ _ _ _ _ _ _ _ _ _ _ _ _ _ _ _ _ _ _ _ _ _ _ _ _ _ _ _ _ _ _ _ _ _ _ _ _ _ _ _ _ _ _ _ _ _ _ \n\nself = <selenium.webdriver.remote.errorhandler.ErrorHandler object at 0x102130730>\nresponse = {'status': 404, 'value': '{\"value\":{\"error\":\"no such window\",\"message\":\"no such window: target window already closed\\\\...00019060f878 _pthread_start + 320\\\\n17  libsystem_pthread.dylib             0x000000019060a5e0 thread_start + 8\\\\n\"}}'}\n\n    def check_response(self, response: Dict[str, Any]) -> None:\n        \"\"\"\n        Checks that a JSON response from the WebDriver does not have an error.\n    \n        :Args:\n         - response - The JSON response from the WebDriver server as a dictionary\n           object.\n    \n        :Raises: If the response contains an error message.\n        \"\"\"\n        status = response.get('status', None)\n        if not status or status == ErrorCode.SUCCESS:\n            return\n        value = None\n        message = response.get(\"message\", \"\")\n        screen: str = response.get(\"screen\", \"\")\n        stacktrace = None\n        if isinstance(status, int):\n            value_json = response.get('value', None)\n            if value_json and isinstance(value_json, str):\n                import json\n                try:\n                    value = json.loads(value_json)\n                    if len(value.keys()) == 1:\n                        value = value['value']\n                    status = value.get('error', None)\n                    if not status:\n                        status = value.get(\"status\", ErrorCode.UNKNOWN_ERROR)\n                        message = value.get(\"value\") or value.get(\"message\")\n                        if not isinstance(message, str):\n                            value = message\n                            message = message.get('message')\n                    else:\n                        message = value.get('message', None)\n                except ValueError:\n                    pass\n    \n        exception_class: Type[WebDriverException]\n        if status in ErrorCode.NO_SUCH_ELEMENT:\n            exception_class = NoSuchElementException\n        elif status in ErrorCode.NO_SUCH_FRAME:\n            exception_class = NoSuchFrameException\n        elif status in ErrorCode.NO_SUCH_WINDOW:\n            exception_class = NoSuchWindowException\n        elif status in ErrorCode.STALE_ELEMENT_REFERENCE:\n            exception_class = StaleElementReferenceException\n        elif status in ErrorCode.ELEMENT_NOT_VISIBLE:\n            exception_class = ElementNotVisibleException\n        elif status in ErrorCode.INVALID_ELEMENT_STATE:\n            exception_class = InvalidElementStateException\n        elif status in ErrorCode.INVALID_SELECTOR \\\n                or status in ErrorCode.INVALID_XPATH_SELECTOR \\\n                or status in ErrorCode.INVALID_XPATH_SELECTOR_RETURN_TYPER:\n            exception_class = InvalidSelectorException\n        elif status in ErrorCode.ELEMENT_IS_NOT_SELECTABLE:\n            exception_class = ElementNotSelectableException\n        elif status in ErrorCode.ELEMENT_NOT_INTERACTABLE:\n            exception_class = ElementNotInteractableException\n        elif status in ErrorCode.INVALID_COOKIE_DOMAIN:\n            exception_class = InvalidCookieDomainException\n        elif status in ErrorCode.UNABLE_TO_SET_COOKIE:\n            exception_class = UnableToSetCookieException\n        elif status in ErrorCode.TIMEOUT:\n            exception_class = TimeoutException\n        elif status in ErrorCode.SCRIPT_TIMEOUT:\n            exception_class = TimeoutException\n        elif status in ErrorCode.UNKNOWN_ERROR:\n            exception_class = WebDriverException\n        elif status in ErrorCode.UNEXPECTED_ALERT_OPEN:\n            exception_class = UnexpectedAlertPresentException\n        elif status in ErrorCode.NO_ALERT_OPEN:\n            exception_class = NoAlertPresentException\n        elif status in ErrorCode.IME_NOT_AVAILABLE:\n            exception_class = ImeNotAvailableException\n        elif status in ErrorCode.IME_ENGINE_ACTIVATION_FAILED:\n            exception_class = ImeActivationFailedException\n        elif status in ErrorCode.MOVE_TARGET_OUT_OF_BOUNDS:\n            exception_class = MoveTargetOutOfBoundsException\n        elif status in ErrorCode.JAVASCRIPT_ERROR:\n            exception_class = JavascriptException\n        elif status in ErrorCode.SESSION_NOT_CREATED:\n            exception_class = SessionNotCreatedException\n        elif status in ErrorCode.INVALID_ARGUMENT:\n            exception_class = InvalidArgumentException\n        elif status in ErrorCode.NO_SUCH_COOKIE:\n            exception_class = NoSuchCookieException\n        elif status in ErrorCode.UNABLE_TO_CAPTURE_SCREEN:\n            exception_class = ScreenshotException\n        elif status in ErrorCode.ELEMENT_CLICK_INTERCEPTED:\n            exception_class = ElementClickInterceptedException\n        elif status in ErrorCode.INSECURE_CERTIFICATE:\n            exception_class = InsecureCertificateException\n        elif status in ErrorCode.INVALID_COORDINATES:\n            exception_class = InvalidCoordinatesException\n        elif status in ErrorCode.INVALID_SESSION_ID:\n            exception_class = InvalidSessionIdException\n        elif status in ErrorCode.UNKNOWN_METHOD:\n            exception_class = UnknownMethodException\n        else:\n            exception_class = WebDriverException\n        if not value:\n            value = response['value']\n        if isinstance(value, str):\n            raise exception_class(value)\n        if message == \"\" and 'message' in value:\n            message = value['message']\n    \n        screen = None  # type: ignore[assignment]\n        if 'screen' in value:\n            screen = value['screen']\n    \n        stacktrace = None\n        st_value = value.get('stackTrace') or value.get('stacktrace')\n        if st_value:\n            if isinstance(st_value, str):\n                stacktrace = st_value.split('\\n')\n            else:\n                stacktrace = []\n                try:\n                    for frame in st_value:\n                        line = self._value_or_default(frame, 'lineNumber', '')\n                        file = self._value_or_default(frame, 'fileName', '<anonymous>')\n                        if line:\n                            file = \"%s:%s\" % (file, line)\n                        meth = self._value_or_default(frame, 'methodName', '<anonymous>')\n                        if 'className' in frame:\n                            meth = \"%s.%s\" % (frame['className'], meth)\n                        msg = \"    at %s (%s)\"\n                        msg = msg % (meth, file)\n                        stacktrace.append(msg)\n                except TypeError:\n                    pass\n        if exception_class == UnexpectedAlertPresentException:\n            alert_text = None\n            if 'data' in value:\n                alert_text = value['data'].get('text')\n            elif 'alert' in value:\n                alert_text = value['alert'].get('text')\n            raise exception_class(message, screen, stacktrace, alert_text)  # type: ignore[call-arg]  # mypy is not smart enough here\n>       raise exception_class(message, screen, stacktrace)\nE       selenium.common.exceptions.NoSuchWindowException: Message: no such window: target window already closed\nE       from unknown error: web view not found\nE         (Session info: chrome=110.0.5481.177)\nE       Stacktrace:\nE       0   chromedriver                        0x00000001045f51c0 chromedriver + 4248000\nE       1   chromedriver                        0x0000000104575dc0 chromedriver + 3726784\nE       2   chromedriver                        0x000000010422aec4 chromedriver + 274116\nE       3   chromedriver                        0x00000001042055f4 chromedriver + 120308\nE       4   chromedriver                        0x000000010428ef8c chromedriver + 683916\nE       5   chromedriver                        0x00000001042a1864 chromedriver + 759908\nE       6   chromedriver                        0x0000000104259200 chromedriver + 463360\nE       7   chromedriver                        0x000000010425a318 chromedriver + 467736\nE       8   chromedriver                        0x00000001045c3060 chromedriver + 4042848\nE       9   chromedriver                        0x00000001045c78a4 chromedriver + 4061348\nE       10  chromedriver                        0x00000001045cf3d0 chromedriver + 4092880\nE       11  chromedriver                        0x00000001045c86e4 chromedriver + 4064996\nE       12  chromedriver                        0x000000010459e0fc chromedriver + 3891452\nE       13  chromedriver                        0x00000001045e8a64 chromedriver + 4196964\nE       14  chromedriver                        0x00000001045e8bb8 chromedriver + 4197304\nE       15  chromedriver                        0x00000001045fc650 chromedriver + 4277840\nE       16  libsystem_pthread.dylib             0x000000019060f878 _pthread_start + 320\nE       17  libsystem_pthread.dylib             0x000000019060a5e0 thread_start + 8\n\n/Library/Frameworks/Python.framework/Versions/3.9/lib/python3.9/site-packages/selenium/webdriver/remote/errorhandler.py:243: NoSuchWindowException"}, "description": " 用例描述：已存在 测试项目02\n         1.先登录\n         2.点击新增项目导航\n         3.新增项目页输入：项目名称：测试项目01，所属应用：测试应用02， 项目描述：项目描述01\n         4.点击保存按钮", "steps": [{"name": "新增项目步骤：点击新增项目分类", "status": "broken", "statusDetails": {"message": "selenium.common.exceptions.NoSuchWindowException: Message: no such window: target window already closed\nfrom unknown error: web view not found\n  (Session info: chrome=110.0.5481.177)\nStacktrace:\n0   chromedriver                        0x00000001045f51c0 chromedriver + 4248000\n1   chromedriver                        0x0000000104575dc0 chromedriver + 3726784\n2   chromedriver                        0x000000010422aec4 chromedriver + 274116\n3   chromedriver                        0x00000001042055f4 chromedriver + 120308\n4   chromedriver                        0x000000010428ef8c chromedriver + 683916\n5   chromedriver                        0x00000001042a1864 chromedriver + 759908\n6   chromedriver                        0x0000000104259200 chromedriver + 463360\n7   chromedriver                        0x000000010425a318 chromedriver + 467736\n8   chromedriver                        0x00000001045c3060 chromedriver + 4042848\n9   chromedriver                        0x00000001045c78a4 chromedriver + 4061348\n10  chromedriver                        0x00000001045cf3d0 chromedriver + 4092880\n11  chromedriver                        0x00000001045c86e4 chromedriver + 4064996\n12  chromedriver                        0x000000010459e0fc chromedriver + 3891452\n13  chromedriver                        0x00000001045e8a64 chromedriver + 4196964\n14  chromedriver                        0x00000001045e8bb8 chromedriver + 4197304\n15  chromedriver                        0x00000001045fc650 chromedriver + 4277840\n16  libsystem_pthread.dylib             0x000000019060f878 _pthread_start + 320\n17  libsystem_pthread.dylib             0x000000019060a5e0 thread_start + 8\n\n", "trace": "  File \"/Library/Frameworks/Python.framework/Versions/3.9/lib/python3.9/site-packages/allure_commons/_allure.py\", line 192, in impl\n    return func(*a, **kw)\n  File \"/Users/chengyaoquan/workspace/pytest_web_yoyo/pages/add_project_page.py\", line 43, in click_classify\n    self.click(self.loc_5)\n  File \"/Users/chengyaoquan/workspace/pytest_web_yoyo/common/base.py\", line 65, in click\n    ele = self.find(locator)\n  File \"/Users/chengyaoquan/workspace/pytest_web_yoyo/common/base.py\", line 37, in find\n    ele =WebDriverWait(self.driver, self.timeout, self.t).until(EC.presence_of_element_located(locator))\n  File \"/Library/Frameworks/Python.framework/Versions/3.9/lib/python3.9/site-packages/selenium/webdriver/support/wait.py\", line 78, in until\n    value = method(self._driver)\n  File \"/Library/Frameworks/Python.framework/Versions/3.9/lib/python3.9/site-packages/selenium/webdriver/support/expected_conditions.py\", line 64, in _predicate\n    return driver.find_element(*locator)\n  File \"/Library/Frameworks/Python.framework/Versions/3.9/lib/python3.9/site-packages/selenium/webdriver/remote/webdriver.py\", line 1238, in find_element\n    return self.execute(Command.FIND_ELEMENT, {\n  File \"/Library/Frameworks/Python.framework/Versions/3.9/lib/python3.9/site-packages/selenium/webdriver/remote/webdriver.py\", line 418, in execute\n    self.error_handler.check_response(response)\n  File \"/Library/Frameworks/Python.framework/Versions/3.9/lib/python3.9/site-packages/selenium/webdriver/remote/errorhandler.py\", line 243, in check_response\n    raise exception_class(message, screen, stacktrace)\n"}, "start": 1677666708951, "stop": 1677666708952}], "start": 1677666708951, "stop": 1677666708954, "uuid": "4ac9df7a-a9ee-440b-8700-9b771965493d", "historyId": "6a920c7d2412e82feadaa82d822b8855", "testCaseId": "665788d6d09850b0b6a67d9bee82a127", "fullName": "case.test_add_project.TestAddProject#test_add_project_02", "labels": [{"name": "feature", "value": "添加项目"}, {"name": "parentSuite", "value": "case"}, {"name": "suite", "value": "test_add_project"}, {"name": "subSuite", "value": "TestAddProject"}, {"name": "host", "value": "hohodeMacBook-Pro.local"}, {"name": "thread", "value": "9514-MainThread"}, {"name": "framework", "value": "pytest"}, {"name": "language", "value": "cpython3"}, {"name": "package", "value": "case.test_add_project"}], "links": [{"type": "issue", "url": "xxx", "name": "xxx"}, {"type": "test_case", "url": "xxx", "name": "xxx"}]}