{"name": "test_add_project_param_demo[test_add_demo2-param_demo_06]", "status": "failed", "statusDetails": {"message": "AssertionError: assert False", "trace": "self = <case.test_add_project.TestAddProject object at 0x106cd7160>\nlogin = <selenium.webdriver.chrome.webdriver.WebDriver (session=\"42c9227f3929dcb54ad6bda1c0a7038c\")>\ntest_add_demo = {'p_desc': 'param_pd_06', 'p_name': 'param_demo_05', 'pu_app': 'param_pa_06'}\nexpected = 'param_demo_06'\n\n    @pytest.mark.parametrize('test_add_demo, expected', test_data_demo)\n    def test_add_project_param_demo(self, login, test_add_demo, expected):\n        project_name = test_add_demo['p_name']\n        publish_app = test_add_demo['pu_app']\n        project_desc = test_add_demo['p_desc']\n        expected = expected\n    \n        dirver = login    # 登录\n        add_p = AddProject(dirver)    # 实例化\n        add_p.click_classify()\n        add_p.add(project_name= project_name, publish_app= publish_app, project_desc= project_desc)\n        res_add = add_p.is_add_suc(text= expected)\n        print('是否新增成功：%s' % res_add)\n>       assert res_add  # 断言结果\nE       assert False\n\ntest_add_project.py:78: AssertionError"}, "steps": [{"name": "新增项目步骤：点击新增项目分类", "status": "passed", "start": 1677846963480, "stop": 1677846963552}, {"name": "调用新增", "status": "passed", "steps": [{"name": "新增项目步骤：输入项目名称", "status": "passed", "parameters": [{"name": "project_name", "value": "'param_demo_05'"}], "start": 1677846963552, "stop": 1677846963645}, {"name": "新增项目步骤：输入所属应用", "status": "passed", "parameters": [{"name": "publish_app", "value": "'param_pa_06'"}], "start": 1677846963645, "stop": 1677846963685}, {"name": "新增项目步骤：输入项目描述", "status": "passed", "parameters": [{"name": "project_desc", "value": "'param_pd_06'"}], "start": 1677846963685, "stop": 1677846963731}, {"name": "新增项目步骤：点击新增按钮", "status": "passed", "start": 1677846963731, "stop": 1677846963761}], "parameters": [{"name": "project_name", "value": "'param_demo_05'"}, {"name": "publish_app", "value": "'param_pa_06'"}, {"name": "project_desc", "value": "'param_pd_06'"}], "start": 1677846963552, "stop": 1677846963761}, {"name": "判断新增成功", "status": "passed", "parameters": [{"name": "text", "value": "'param_demo_06'"}], "start": 1677846963762, "stop": 1677846964363}], "attachments": [{"name": "stdout", "source": "31bd5ff7-0388-4e64-972f-cdb1fee3909a-attachment.txt", "type": "text/plain"}], "parameters": [{"name": "test_add_demo", "value": "{'p_name': 'param_demo_05', 'pu_app': 'param_pa_06', 'p_desc': 'param_pd_06'}"}, {"name": "expected", "value": "'param_demo_06'"}], "start": 1677846963480, "stop": 1677846964364, "uuid": "a8b88184-73ed-4568-a3c0-e39b6820dd7e", "historyId": "eb96c8d40947c3dfb75dd3c072782819", "testCaseId": "607b9ff6fc942a952ef9f5fa1f616eba", "fullName": "test_add_project.TestAddProject#test_add_project_param_demo", "labels": [{"name": "feature", "value": "添加项目测试用例"}, {"name": "suite", "value": "test_add_project"}, {"name": "subSuite", "value": "TestAddProject"}, {"name": "host", "value": "hohodeMacBook-Pro.local"}, {"name": "thread", "value": "13479-MainThread"}, {"name": "framework", "value": "pytest"}, {"name": "language", "value": "cpython3"}, {"name": "package", "value": "test_add_project"}]}